<?xml version="1.0" encoding="UTF-8"?><testsuite errors="0" failures="1" name="SerenityInitialTests" skipped="0" tests="1" time="11.01" timestamp="2021-09-08 09:59:20"><testcase classname="SerenityInitialTests" name="Get users"><failure message="expected:&lt;200&gt; but was:&lt;false&gt;" type="java.lang.AssertionError">expected:&lt;200&gt; but was:&lt;false&gt;</failure><system-err>expected:&lt;200&gt; but was:&lt;false&gt;&#13;
SerenityInitialTests.getUsers(SerenityInitialTests.java:37)&#13;
</system-err></testcase></testsuite>