<?xml version="1.0" encoding="UTF-8"?><testsuite errors="0" failures="2" name="SerenityInitialTests" skipped="0" tests="2" time="6.62" timestamp="2021-09-08 09:35:51"><testcase classname="SerenityInitialTests" name="Get user fail"><failure message="expected:&lt;200&gt; but was:&lt;false&gt;" type="java.lang.AssertionError">expected:&lt;200&gt; but was:&lt;false&gt;</failure><system-err>expected:&lt;200&gt; but was:&lt;false&gt;&#13;
SerenityInitialTests.getUserFail(SerenityInitialTests.java:58)&#13;
</system-err></testcase><testcase classname="SerenityInitialTests" name="Get users"><failure message="expected:&lt;200&gt; but was:&lt;false&gt;" type="java.lang.AssertionError">expected:&lt;200&gt; but was:&lt;false&gt;</failure><system-err>expected:&lt;200&gt; but was:&lt;false&gt;&#13;
SerenityInitialTests.getUsers(SerenityInitialTests.java:37)&#13;
</system-err></testcase></testsuite>